<?xml version="1.0" encoding="UTF-8"?>
<robot generator="Robot 3.2.2 (Python 3.9.0 on win32)" generated="20201221 10:11:36.623" rpa="false">
<suite id="s1" name="Rf Test Cases" source="C:\Users\oliver.uhlar\Desktop\Projects\postman_wamp\rf_test_cases.robot">
<kw name="Start all" type="setup">
<kw name="Start Process" library="Process">
<doc>Starts a new process on background.</doc>
<arguments>
<arg>C:\\Users\\oliver.uhlar\\Desktop\\Projects\\postman_wamp\\venv\\Scripts\\python.exe</arg>
<arg>app.py</arg>
<arg>runserver</arg>
</arguments>
<msg timestamp="20201221 10:11:36.823" level="INFO">Starting process:
C:\Users\oliver.uhlar\Desktop\Projects\postman_wamp\venv\Scripts\python.exe app.py runserver</msg>
<status status="PASS" starttime="20201221 10:11:36.823" endtime="20201221 10:11:36.825"></status>
</kw>
<kw name="Start Process" library="Process">
<doc>Starts a new process on background.</doc>
<arguments>
<arg>wamp.bat</arg>
</arguments>
<msg timestamp="20201221 10:11:36.826" level="INFO">Starting process:
wamp.bat</msg>
<status status="PASS" starttime="20201221 10:11:36.825" endtime="20201221 10:11:36.828"></status>
</kw>
<kw name="Evaluate" library="BuiltIn">
<doc>Evaluates the given expression in Python and returns the result.</doc>
<arguments>
<arg>sys.modules['selenium.webdriver'].ChromeOptions()</arg>
<arg>sys, selenium.webdriver</arg>
</arguments>
<assign>
<var>${chrome options}</var>
</assign>
<msg timestamp="20201221 10:11:36.830" level="INFO">${chrome options} = &lt;selenium.webdriver.chrome.options.Options object at 0x0000027208646BE0&gt;</msg>
<status status="PASS" starttime="20201221 10:11:36.829" endtime="20201221 10:11:36.830"></status>
</kw>
<kw name="Call Method" library="BuiltIn">
<doc>Calls the named method of the given object with the provided arguments.</doc>
<arguments>
<arg>${ChromeOptions}</arg>
<arg>add_extension</arg>
<arg>lhobafahddgcelffkeicbaginigeejlf.crx</arg>
</arguments>
<status status="PASS" starttime="20201221 10:11:36.830" endtime="20201221 10:11:36.830"></status>
</kw>
<kw name="Call Method" library="BuiltIn">
<doc>Calls the named method of the given object with the provided arguments.</doc>
<arguments>
<arg>${ChromeOptions}</arg>
<arg>to_capabilities</arg>
</arguments>
<assign>
<var>${Options}</var>
</assign>
<msg timestamp="20201221 10:11:36.833" level="INFO">${Options} = {'browserName': 'chrome', 'version': '', 'platform': 'ANY', 'goog:chromeOptions': {'extensions': ['Q3IyNAMAAAAcBQAAEqwECqYCMIIBIjANBgkqhkiG9w0BAQEFAAOCAQ8AMIIBCgKCAQEAj/u/XDdjlDyw7gHEtaaasZ9GdG8WOKAyJ...</msg>
<status status="PASS" starttime="20201221 10:11:36.831" endtime="20201221 10:11:36.833"></status>
</kw>
<kw name="Open Browser" library="SeleniumLibrary">
<doc>Opens a new browser instance to the optional ``url``.</doc>
<arguments>
<arg>https://www.postman.com/</arg>
<arg>Chrome</arg>
<arg>alias=main</arg>
<arg>desired_capabilities=${Options}</arg>
</arguments>
<msg timestamp="20201221 10:11:36.834" level="INFO">Opening browser 'Chrome' to base url 'https://www.postman.com/'.</msg>
<status status="PASS" starttime="20201221 10:11:36.834" endtime="20201221 10:11:46.225"></status>
</kw>
<kw name="Execute Javascript" library="SeleniumLibrary">
<doc>Executes the given JavaScript code with possible arguments.</doc>
<arguments>
<arg>window.open()</arg>
</arguments>
<msg timestamp="20201221 10:11:46.226" level="INFO">Executing JavaScript:
window.open()
Without any arguments.</msg>
<status status="PASS" starttime="20201221 10:11:46.225" endtime="20201221 10:11:46.309"></status>
</kw>
<kw name="Switch Window" library="SeleniumLibrary">
<doc>Switches to browser window matching ``locator``.</doc>
<arguments>
<arg>locator=NEW</arg>
</arguments>
<status status="PASS" starttime="20201221 10:11:46.310" endtime="20201221 10:11:46.321"></status>
</kw>
<kw name="Go To" library="SeleniumLibrary">
<doc>Navigates the current browser window to the provided ``url``.</doc>
<arguments>
<arg>chrome-extension://lhobafahddgcelffkeicbaginigeejlf/data/popup/popup.html</arg>
</arguments>
<msg timestamp="20201221 10:11:46.321" level="INFO">Opening url 'chrome-extension://lhobafahddgcelffkeicbaginigeejlf/data/popup/popup.html'</msg>
<status status="PASS" starttime="20201221 10:11:46.321" endtime="20201221 10:11:48.439"></status>
</kw>
<kw name="Click Element" library="SeleniumLibrary">
<doc>Click the element identified by ``locator``.</doc>
<arguments>
<arg>xpath://html/body/div[1]/table/tbody/tr/td[1]/table/tbody/tr/td</arg>
</arguments>
<msg timestamp="20201221 10:11:48.440" level="INFO">Clicking element 'xpath://html/body/div[1]/table/tbody/tr/td[1]/table/tbody/tr/td'.</msg>
<status status="PASS" starttime="20201221 10:11:48.440" endtime="20201221 10:11:48.485"></status>
</kw>
<kw name="Capture Page Screenshot" library="SeleniumLibrary">
<doc>Takes a screenshot of the current page and embeds it into a log file.</doc>
<msg timestamp="20201221 10:11:48.791" level="INFO" html="yes">&lt;/td&gt;&lt;/tr&gt;&lt;tr&gt;&lt;td colspan="3"&gt;&lt;a href="selenium-screenshot-2.png"&gt;&lt;img src="selenium-screenshot-2.png" width="800px"&gt;&lt;/a&gt;</msg>
<status status="PASS" starttime="20201221 10:11:48.485" endtime="20201221 10:11:48.791"></status>
</kw>
<kw name="Close Window" library="SeleniumLibrary">
<doc>Closes currently opened and selected browser window/tab.</doc>
<status status="PASS" starttime="20201221 10:11:48.792" endtime="20201221 10:11:48.812"></status>
</kw>
<kw name="Switch Window" library="SeleniumLibrary">
<doc>Switches to browser window matching ``locator``.</doc>
<arguments>
<arg>locator=main</arg>
</arguments>
<status status="PASS" starttime="20201221 10:11:48.813" endtime="20201221 10:11:48.823"></status>
</kw>
<kw name="Wait Until Page Contains Element" library="SeleniumLibrary">
<doc>Waits until the element ``locator`` appears on the current page.</doc>
<arguments>
<arg>xpath://*[@id="gatsby-focus-wrapper"]/main/nav/ul/li/a</arg>
<arg>timeout=20s</arg>
</arguments>
<status status="PASS" starttime="20201221 10:11:48.823" endtime="20201221 10:11:48.846"></status>
</kw>
<kw name="Click Element" library="SeleniumLibrary">
<doc>Click the element identified by ``locator``.</doc>
<arguments>
<arg>xpath://*[@id="gatsby-focus-wrapper"]/main/nav/ul/li/a</arg>
</arguments>
<msg timestamp="20201221 10:11:48.846" level="INFO">Clicking element 'xpath://*[@id="gatsby-focus-wrapper"]/main/nav/ul/li/a'.</msg>
<status status="PASS" starttime="20201221 10:11:48.846" endtime="20201221 10:11:48.919"></status>
</kw>
<kw name="Wait Until Page Contains Element" library="SeleniumLibrary">
<doc>Waits until the element ``locator`` appears on the current page.</doc>
<arguments>
<arg>id:username</arg>
<arg>timeout=20s</arg>
</arguments>
<status status="PASS" starttime="20201221 10:11:48.919" endtime="20201221 10:11:49.990"></status>
</kw>
<kw name="Input Text" library="SeleniumLibrary">
<doc>Types the given ``text`` into the text field identified by ``locator``.</doc>
<arguments>
<arg>id:username</arg>
<arg>robotpostmantests</arg>
</arguments>
<msg timestamp="20201221 10:11:49.990" level="INFO">Typing text 'robotpostmantests' into text field 'id:username'.</msg>
<status status="PASS" starttime="20201221 10:11:49.990" endtime="20201221 10:11:50.061"></status>
</kw>
<kw name="Decoding" library="cypto_password">
<arguments>
<arg>${hash_pass}</arg>
</arguments>
<assign>
<var>${paswd}</var>
</assign>
<msg timestamp="20201221 10:11:50.164" level="INFO">${paswd} = Test@12345</msg>
<status status="PASS" starttime="20201221 10:11:50.062" endtime="20201221 10:11:50.164"></status>
</kw>
<kw name="Input Text" library="SeleniumLibrary">
<doc>Types the given ``text`` into the text field identified by ``locator``.</doc>
<arguments>
<arg>id:password</arg>
<arg>${paswd}</arg>
</arguments>
<msg timestamp="20201221 10:11:50.164" level="INFO">Typing text 'Test@12345' into text field 'id:password'.</msg>
<status status="PASS" starttime="20201221 10:11:50.164" endtime="20201221 10:11:50.296"></status>
</kw>
<kw name="Wait Until Page Contains Element" library="SeleniumLibrary">
<doc>Waits until the element ``locator`` appears on the current page.</doc>
<arguments>
<arg>xpath://*[@id="sign-in-btn"]</arg>
<arg>timeout=20s</arg>
</arguments>
<status status="PASS" starttime="20201221 10:11:50.296" endtime="20201221 10:11:50.318"></status>
</kw>
<kw name="Click Element" library="SeleniumLibrary">
<doc>Click the element identified by ``locator``.</doc>
<arguments>
<arg>xpath://*[@id="sign-in-btn"]</arg>
</arguments>
<msg timestamp="20201221 10:11:50.318" level="INFO">Clicking element 'xpath://*[@id="sign-in-btn"]'.</msg>
<status status="PASS" starttime="20201221 10:11:50.318" endtime="20201221 10:11:50.401"></status>
</kw>
<kw name="Wait Until Page Contains Element" library="SeleniumLibrary">
<doc>Waits until the element ``locator`` appears on the current page.</doc>
<arguments>
<arg>xpath://html/body/div[3]/div/div/div[5]/div/div[1]/aside/div/div[2]/a[1]/div/div</arg>
<arg>timeout=20s</arg>
</arguments>
<status status="PASS" starttime="20201221 10:11:50.402" endtime="20201221 10:11:58.586"></status>
</kw>
<kw name="Click Element" library="SeleniumLibrary">
<doc>Click the element identified by ``locator``.</doc>
<arguments>
<arg>xpath://html/body/div[3]/div/div/div[5]/div/div[1]/aside/div/div[2]/a[1]/div/div</arg>
</arguments>
<msg timestamp="20201221 10:11:58.586" level="INFO">Clicking element 'xpath://html/body/div[3]/div/div/div[5]/div/div[1]/aside/div/div[2]/a[1]/div/div'.</msg>
<status status="PASS" starttime="20201221 10:11:58.586" endtime="20201221 10:11:58.657"></status>
</kw>
<kw name="Wait Until Page Contains Element" library="SeleniumLibrary">
<doc>Waits until the element ``locator`` appears on the current page.</doc>
<arguments>
<arg>xpath:/html/body/div[3]/div/div/main/div/ol/li[2]/div[1]</arg>
<arg>timeout=20s</arg>
</arguments>
<status status="PASS" starttime="20201221 10:11:58.657" endtime="20201221 10:11:59.005"></status>
</kw>
<kw name="Click Element" library="SeleniumLibrary">
<doc>Click the element identified by ``locator``.</doc>
<arguments>
<arg>xpath:/html/body/div[3]/div/div/main/div/ol/li[2]/div[1]</arg>
</arguments>
<msg timestamp="20201221 10:11:59.006" level="INFO">Clicking element 'xpath:/html/body/div[3]/div/div/main/div/ol/li[2]/div[1]'.</msg>
<status status="PASS" starttime="20201221 10:11:59.006" endtime="20201221 10:11:59.076"></status>
</kw>
<kw name="Wait Until Page Contains Element" library="SeleniumLibrary">
<doc>Waits until the element ``locator`` appears on the current page.</doc>
<arguments>
<arg>xpath://html/body/div[3]/div/div/div[5]/div[1]/div[1]/div/div/div/div[1]/div[1]/div/div/div[2]/div[1]/div/div[6]</arg>
<arg>timeout=20s</arg>
</arguments>
<status status="PASS" starttime="20201221 10:11:59.077" endtime="20201221 10:11:59.535"></status>
</kw>
<kw name="Click Element" library="SeleniumLibrary">
<doc>Click the element identified by ``locator``.</doc>
<arguments>
<arg>xpath://html/body/div[3]/div/div/div[5]/div[1]/div[1]/div/div/div/div[1]/div[1]/div/div/div[2]/div[1]/div/div[6]</arg>
</arguments>
<msg timestamp="20201221 10:11:59.536" level="INFO">Clicking element 'xpath://html/body/div[3]/div/div/div[5]/div[1]/div[1]/div/div/div/div[1]/div[1]/div/div/div[2]/div[1]/div/div[6]'.</msg>
<status status="PASS" starttime="20201221 10:11:59.535" endtime="20201221 10:11:59.604"></status>
</kw>
<status status="PASS" starttime="20201221 10:11:36.822" endtime="20201221 10:11:59.604"></status>
</kw>
<test id="s1-t1" name="Test GET">
<kw name="Wait Until Page Contains Element" library="SeleniumLibrary">
<doc>Waits until the element ``locator`` appears on the current page.</doc>
<arguments>
<arg>xpath://html/body/div[3]/div/div/div[5]/div[1]/div[1]/div/div/div/div[1]/div[1]/div/div/div[2]/div[2]/div/div/div/div[2]/div[1]/div/div/div[4]/div/div/div[2]/div[2]</arg>
<arg>timeout=20s</arg>
</arguments>
<status status="PASS" starttime="20201221 10:11:59.606" endtime="20201221 10:12:00.557"></status>
</kw>
<kw name="Click Element" library="SeleniumLibrary">
<doc>Click the element identified by ``locator``.</doc>
<arguments>
<arg>xpath:/html/body/div[3]/div/div/div[5]/div[1]/div[1]/div/div/div/div[1]/div[1]/div/div/div[2]/div[2]/div/div/div/div[2]/div[1]/div/div/div[4]/div/div/div[2]/div[2]</arg>
</arguments>
<msg timestamp="20201221 10:12:00.557" level="INFO">Clicking element 'xpath:/html/body/div[3]/div/div/div[5]/div[1]/div[1]/div/div/div/div[1]/div[1]/div/div/div[2]/div[2]/div/div/div/div[2]/div[1]/div/div/div[4]/div/div/div[2]/div[2]'.</msg>
<status status="PASS" starttime="20201221 10:12:00.557" endtime="20201221 10:12:00.633"></status>
</kw>
<kw name="Wait Until Page Contains Element" library="SeleniumLibrary">
<doc>Waits until the element ``locator`` appears on the current page.</doc>
<arguments>
<arg>xpath://html/body/div[3]/div/div/div[5]/div[1]/div[1]/div/div/div/div[2]/div/div/div/div[2]/div[2]/div/div/div/div/div[1]/div[1]/div/div[2]/div/div[2]/div/div/div/div/div[1]</arg>
<arg>timeout=20s</arg>
</arguments>
<status status="PASS" starttime="20201221 10:12:00.633" endtime="20201221 10:12:01.268"></status>
</kw>
<kw name="Click Element" library="SeleniumLibrary">
<doc>Click the element identified by ``locator``.</doc>
<arguments>
<arg>xpath://html/body/div[3]/div/div/div[5]/div[1]/div[1]/div/div/div/div[2]/div/div/div/div[2]/div[2]/div/div/div/div/div[1]/div[1]/div/div[2]/div/div[2]/div/div/div/div/div[1]</arg>
</arguments>
<msg timestamp="20201221 10:12:01.269" level="INFO">Clicking element 'xpath://html/body/div[3]/div/div/div[5]/div[1]/div[1]/div/div/div/div[2]/div/div/div/div[2]/div[2]/div/div/div/div/div[1]/div[1]/div/div[2]/div/div[2]/div/div/div/div/div[1]'.</msg>
<status status="PASS" starttime="20201221 10:12:01.269" endtime="20201221 10:12:01.478"></status>
</kw>
<kw name="Wait Until Page Contains Element" library="SeleniumLibrary">
<doc>Waits until the element ``locator`` appears on the current page.</doc>
<arguments>
<arg>xpath://html/body/div[3]/div/div/div[5]/div[1]/div[1]/div/div/div/div[2]/div/div/div/div[2]/div[2]/div/div/div/div/div[1]/div[1]/div/div[3]/div[2]/div/div[2]/div[2]/div/div/div/div/div/div/div/div/div/div[1]/div[1]/div[1]/div[3]</arg>
<arg>timeout=20s</arg>
</arguments>
<status status="PASS" starttime="20201221 10:12:01.479" endtime="20201221 10:12:01.993"></status>
</kw>
<kw name="Click Element" library="SeleniumLibrary">
<doc>Click the element identified by ``locator``.</doc>
<arguments>
<arg>xpath:/html/body/div[3]/div/div/div[5]/div[1]/div[1]/div/div/div/div[2]/div/div/div/div[2]/div[2]/div/div/div/div/div[1]/div[1]/div/div[3]/div[2]/div/div[2]/div[2]/div/div/div/div/div/div/div/div/div/div[1]/div[1]/div[1]/div[3]</arg>
</arguments>
<msg timestamp="20201221 10:12:01.994" level="INFO">Clicking element 'xpath:/html/body/div[3]/div/div/div[5]/div[1]/div[1]/div/div/div/div[2]/div/div/div/div[2]/div[2]/div/div/div/div/div[1]/div[1]/div/div[3]/div[2]/div/div[2]/div[2]/div/div/div/div/div/div/div/div/div/div[1]/div[1]/div[1]/div[3]'.</msg>
<status status="PASS" starttime="20201221 10:12:01.994" endtime="20201221 10:12:02.112"></status>
</kw>
<kw name="Sleep" library="BuiltIn">
<doc>Pauses the test executed for the given time.</doc>
<arguments>
<arg>2s</arg>
</arguments>
<msg timestamp="20201221 10:12:04.117" level="INFO">Slept 2 seconds</msg>
<status status="PASS" starttime="20201221 10:12:02.114" endtime="20201221 10:12:04.117"></status>
</kw>
<kw name="Capture Page Screenshot" library="SeleniumLibrary">
<doc>Takes a screenshot of the current page and embeds it into a log file.</doc>
<msg timestamp="20201221 10:12:04.457" level="INFO" html="yes">&lt;/td&gt;&lt;/tr&gt;&lt;tr&gt;&lt;td colspan="3"&gt;&lt;a href="selenium-screenshot-3.png"&gt;&lt;img src="selenium-screenshot-3.png" width="800px"&gt;&lt;/a&gt;</msg>
<status status="PASS" starttime="20201221 10:12:04.117" endtime="20201221 10:12:04.457"></status>
</kw>
<status status="PASS" starttime="20201221 10:11:59.604" endtime="20201221 10:12:04.457" critical="yes"></status>
</test>
<test id="s1-t2" name="Test POST">
<kw name="Wait Until Page Contains Element" library="SeleniumLibrary">
<doc>Waits until the element ``locator`` appears on the current page.</doc>
<arguments>
<arg>xpath:/html/body/div[3]/div/div/div[5]/div[1]/div[1]/div/div/div/div[1]/div[1]/div/div/div[2]/div[2]/div/div/div/div[2]/div[1]/div/div/div[7]/div/div/div[2]</arg>
<arg>timeout=20s</arg>
</arguments>
<status status="PASS" starttime="20201221 10:12:04.461" endtime="20201221 10:12:04.484"></status>
</kw>
<kw name="Click Element" library="SeleniumLibrary">
<doc>Click the element identified by ``locator``.</doc>
<arguments>
<arg>xpath:/html/body/div[3]/div/div/div[5]/div[1]/div[1]/div/div/div/div[1]/div[1]/div/div/div[2]/div[2]/div/div/div/div[2]/div[1]/div/div/div[7]/div/div/div[2]</arg>
</arguments>
<msg timestamp="20201221 10:12:04.485" level="INFO">Clicking element 'xpath:/html/body/div[3]/div/div/div[5]/div[1]/div[1]/div/div/div/div[1]/div[1]/div/div/div[2]/div[2]/div/div/div/div[2]/div[1]/div/div/div[7]/div/div/div[2]'.</msg>
<status status="PASS" starttime="20201221 10:12:04.485" endtime="20201221 10:12:04.608"></status>
</kw>
<kw name="Wait Until Page Contains Element" library="SeleniumLibrary">
<doc>Waits until the element ``locator`` appears on the current page.</doc>
<arguments>
<arg>xpath:/html/body/div[3]/div/div/div[5]/div[1]/div[1]/div/div/div/div[2]/div/div/div/div[2]/div[3]/div/div/div/div/div[1]/div[1]/div/div[3]/div[1]/div[1]/div[1]/div/div[1]/div/div[4]/div</arg>
<arg>timeout=20s</arg>
</arguments>
<status status="PASS" starttime="20201221 10:12:04.609" endtime="20201221 10:12:05.142"></status>
</kw>
<kw name="Click Element" library="SeleniumLibrary">
<doc>Click the element identified by ``locator``.</doc>
<arguments>
<arg>xpath:/html/body/div[3]/div/div/div[5]/div[1]/div[1]/div/div/div/div[2]/div/div/div/div[2]/div[3]/div/div/div/div/div[1]/div[1]/div/div[3]/div[1]/div[1]/div[1]/div/div[1]/div/div[4]/div</arg>
</arguments>
<msg timestamp="20201221 10:12:05.142" level="INFO">Clicking element 'xpath:/html/body/div[3]/div/div/div[5]/div[1]/div[1]/div/div/div/div[2]/div/div/div/div[2]/div[3]/div/div/div/div/div[1]/div[1]/div/div[3]/div[1]/div[1]/div[1]/div/div[1]/div/div[4]/div'.</msg>
<status status="PASS" starttime="20201221 10:12:05.142" endtime="20201221 10:12:05.342"></status>
</kw>
<kw name="Wait Until Page Contains Element" library="SeleniumLibrary">
<doc>Waits until the element ``locator`` appears on the current page.</doc>
<arguments>
<arg>xpath:/html/body/div[3]/div/div/div[5]/div[1]/div[1]/div/div/div/div[2]/div/div/div/div[2]/div[3]/div/div/div/div/div[1]/div[1]/div/div[2]/div/div[2]/div/div/div/div/div[1]</arg>
<arg>timeout=20s</arg>
</arguments>
<status status="PASS" starttime="20201221 10:12:05.343" endtime="20201221 10:12:05.369"></status>
</kw>
<kw name="Click Element" library="SeleniumLibrary">
<doc>Click the element identified by ``locator``.</doc>
<arguments>
<arg>xpath://html/body/div[3]/div/div/div[5]/div[1]/div[1]/div/div/div/div[2]/div/div/div/div[2]/div[3]/div/div/div/div/div[1]/div[1]/div/div[2]/div/div[2]/div/div/div/div/div[1]</arg>
</arguments>
<msg timestamp="20201221 10:12:05.370" level="INFO">Clicking element 'xpath://html/body/div[3]/div/div/div[5]/div[1]/div[1]/div/div/div/div[2]/div/div/div/div[2]/div[3]/div/div/div/div/div[1]/div[1]/div/div[2]/div/div[2]/div/div/div/div/div[1]'.</msg>
<status status="PASS" starttime="20201221 10:12:05.370" endtime="20201221 10:12:05.450"></status>
</kw>
<kw name="Sleep" library="BuiltIn">
<doc>Pauses the test executed for the given time.</doc>
<arguments>
<arg>2s</arg>
</arguments>
<msg timestamp="20201221 10:12:07.451" level="INFO">Slept 2 seconds</msg>
<status status="PASS" starttime="20201221 10:12:05.450" endtime="20201221 10:12:07.451"></status>
</kw>
<kw name="Capture Page Screenshot" library="SeleniumLibrary">
<doc>Takes a screenshot of the current page and embeds it into a log file.</doc>
<msg timestamp="20201221 10:12:07.842" level="INFO" html="yes">&lt;/td&gt;&lt;/tr&gt;&lt;tr&gt;&lt;td colspan="3"&gt;&lt;a href="selenium-screenshot-4.png"&gt;&lt;img src="selenium-screenshot-4.png" width="800px"&gt;&lt;/a&gt;</msg>
<status status="PASS" starttime="20201221 10:12:07.451" endtime="20201221 10:12:07.842"></status>
</kw>
<status status="PASS" starttime="20201221 10:12:04.457" endtime="20201221 10:12:07.842" critical="yes"></status>
</test>
<test id="s1-t3" name="Test GET after POST">
<kw name="Wait Until Page Contains Element" library="SeleniumLibrary">
<doc>Waits until the element ``locator`` appears on the current page.</doc>
<arguments>
<arg>xpath://html/body/div[3]/div/div/div[5]/div[1]/div[1]/div/div/div/div[1]/div[1]/div/div/div[2]/div[2]/div/div/div/div[2]/div[1]/div/div/div[7]/div/div/div[2]</arg>
<arg>timeout=20s</arg>
</arguments>
<status status="PASS" starttime="20201221 10:12:07.842" endtime="20201221 10:12:07.870"></status>
</kw>
<kw name="Click Element" library="SeleniumLibrary">
<doc>Click the element identified by ``locator``.</doc>
<arguments>
<arg>xpath:/html/body/div[3]/div/div/div[5]/div[1]/div[1]/div/div/div/div[1]/div[1]/div/div/div[2]/div[2]/div/div/div/div[2]/div[1]/div/div/div[7]/div/div/div[2]</arg>
</arguments>
<msg timestamp="20201221 10:12:07.871" level="INFO">Clicking element 'xpath:/html/body/div[3]/div/div/div[5]/div[1]/div[1]/div/div/div/div[1]/div[1]/div/div/div[2]/div[2]/div/div/div/div[2]/div[1]/div/div/div[7]/div/div/div[2]'.</msg>
<status status="PASS" starttime="20201221 10:12:07.871" endtime="20201221 10:12:07.987"></status>
</kw>
<kw name="Wait Until Page Contains Element" library="SeleniumLibrary">
<doc>Waits until the element ``locator`` appears on the current page.</doc>
<arguments>
<arg>xpath:/html/body/div[3]/div/div/div[5]/div[1]/div[1]/div/div/div/div[2]/div/div/div/div[2]/div[2]/div/div/div/div/div[1]/div[1]/div/div[2]/div/div[2]/div/div/div/div/div[1]</arg>
<arg>timeout=20s</arg>
</arguments>
<status status="PASS" starttime="20201221 10:12:07.988" endtime="20201221 10:12:08.045"></status>
</kw>
<kw name="Click Element" library="SeleniumLibrary">
<doc>Click the element identified by ``locator``.</doc>
<arguments>
<arg>xpath:/html/body/div[3]/div/div/div[5]/div[1]/div[1]/div/div/div/div[2]/div/div/div/div[2]/div[2]/div/div/div/div/div[1]/div[1]/div/div[2]/div/div[2]/div/div/div/div/div[1]</arg>
</arguments>
<msg timestamp="20201221 10:12:08.046" level="INFO">Clicking element 'xpath:/html/body/div[3]/div/div/div[5]/div[1]/div[1]/div/div/div/div[2]/div/div/div/div[2]/div[2]/div/div/div/div/div[1]/div[1]/div/div[2]/div/div[2]/div/div/div/div/div[1]'.</msg>
<status status="PASS" starttime="20201221 10:12:08.046" endtime="20201221 10:12:08.108"></status>
</kw>
<kw name="Sleep" library="BuiltIn">
<doc>Pauses the test executed for the given time.</doc>
<arguments>
<arg>2s</arg>
</arguments>
<msg timestamp="20201221 10:12:10.112" level="INFO">Slept 2 seconds</msg>
<status status="PASS" starttime="20201221 10:12:08.109" endtime="20201221 10:12:10.112"></status>
</kw>
<kw name="Capture Page Screenshot" library="SeleniumLibrary">
<doc>Takes a screenshot of the current page and embeds it into a log file.</doc>
<msg timestamp="20201221 10:12:10.453" level="INFO" html="yes">&lt;/td&gt;&lt;/tr&gt;&lt;tr&gt;&lt;td colspan="3"&gt;&lt;a href="selenium-screenshot-5.png"&gt;&lt;img src="selenium-screenshot-5.png" width="800px"&gt;&lt;/a&gt;</msg>
<status status="PASS" starttime="20201221 10:12:10.115" endtime="20201221 10:12:10.453"></status>
</kw>
<status status="PASS" starttime="20201221 10:12:07.842" endtime="20201221 10:12:10.453" critical="yes"></status>
</test>
<test id="s1-t4" name="Test PUT">
<kw name="Wait Until Page Contains Element" library="SeleniumLibrary">
<doc>Waits until the element ``locator`` appears on the current page.</doc>
<arguments>
<arg>xpath://html/body/div[3]/div/div/div[5]/div[1]/div[1]/div/div/div/div[1]/div[1]/div/div/div[2]/div[2]/div/div/div/div[2]/div[1]/div/div/div[7]/div/div/div[2]</arg>
<arg>timeout=20s</arg>
</arguments>
<status status="PASS" starttime="20201221 10:12:10.453" endtime="20201221 10:12:10.474"></status>
</kw>
<kw name="Click Element" library="SeleniumLibrary">
<doc>Click the element identified by ``locator``.</doc>
<arguments>
<arg>xpath://html/body/div[3]/div/div/div[5]/div[1]/div[1]/div/div/div/div[1]/div[1]/div/div/div[2]/div[2]/div/div/div/div[2]/div[1]/div/div/div[7]/div/div/div[2]</arg>
</arguments>
<msg timestamp="20201221 10:12:10.475" level="INFO">Clicking element 'xpath://html/body/div[3]/div/div/div[5]/div[1]/div[1]/div/div/div/div[1]/div[1]/div/div/div[2]/div[2]/div/div/div/div[2]/div[1]/div/div/div[7]/div/div/div[2]'.</msg>
<status status="PASS" starttime="20201221 10:12:10.475" endtime="20201221 10:12:10.589"></status>
</kw>
<kw name="Wait Until Page Contains Element" library="SeleniumLibrary">
<doc>Waits until the element ``locator`` appears on the current page.</doc>
<arguments>
<arg>xpath:/html/body/div[3]/div/div/div[5]/div[1]/div[1]/div/div/div/div[2]/div/div/div/div[2]/div[4]/div/div/div/div/div[1]/div[1]/div/div[3]/div[1]/div[1]/div[1]/div/div[1]/div/div[4]</arg>
<arg>timeout=20s</arg>
</arguments>
<status status="PASS" starttime="20201221 10:12:10.589" endtime="20201221 10:12:11.314"></status>
</kw>
<kw name="Click Element" library="SeleniumLibrary">
<doc>Click the element identified by ``locator``.</doc>
<arguments>
<arg>xpath:/html/body/div[3]/div/div/div[5]/div[1]/div[1]/div/div/div/div[2]/div/div/div/div[2]/div[4]/div/div/div/div/div[1]/div[1]/div/div[3]/div[1]/div[1]/div[1]/div/div[1]/div/div[4]</arg>
</arguments>
<msg timestamp="20201221 10:12:11.315" level="INFO">Clicking element 'xpath:/html/body/div[3]/div/div/div[5]/div[1]/div[1]/div/div/div/div[2]/div/div/div/div[2]/div[4]/div/div/div/div/div[1]/div[1]/div/div[3]/div[1]/div[1]/div[1]/div/div[1]/div/div[4]'.</msg>
<status status="PASS" starttime="20201221 10:12:11.315" endtime="20201221 10:12:11.448"></status>
</kw>
<kw name="Wait Until Page Contains Element" library="SeleniumLibrary">
<doc>Waits until the element ``locator`` appears on the current page.</doc>
<arguments>
<arg>xpath://html/body/div[3]/div/div/div[5]/div[1]/div[1]/div/div/div/div[2]/div/div/div/div[2]/div[4]/div/div/div/div/div[1]/div[1]/div/div[2]/div/div[2]/div/div/div/div/div[1]</arg>
<arg>timeout=20s</arg>
</arguments>
<status status="PASS" starttime="20201221 10:12:11.448" endtime="20201221 10:12:11.483"></status>
</kw>
<kw name="Click Element" library="SeleniumLibrary">
<doc>Click the element identified by ``locator``.</doc>
<arguments>
<arg>xpath://html/body/div[3]/div/div/div[5]/div[1]/div[1]/div/div/div/div[2]/div/div/div/div[2]/div[4]/div/div/div/div/div[1]/div[1]/div/div[2]/div/div[2]/div/div/div/div/div[1]</arg>
</arguments>
<msg timestamp="20201221 10:12:11.484" level="INFO">Clicking element 'xpath://html/body/div[3]/div/div/div[5]/div[1]/div[1]/div/div/div/div[2]/div/div/div/div[2]/div[4]/div/div/div/div/div[1]/div[1]/div/div[2]/div/div[2]/div/div/div/div/div[1]'.</msg>
<status status="PASS" starttime="20201221 10:12:11.483" endtime="20201221 10:12:11.568"></status>
</kw>
<kw name="Sleep" library="BuiltIn">
<doc>Pauses the test executed for the given time.</doc>
<arguments>
<arg>2s</arg>
</arguments>
<msg timestamp="20201221 10:12:13.573" level="INFO">Slept 2 seconds</msg>
<status status="PASS" starttime="20201221 10:12:11.569" endtime="20201221 10:12:13.573"></status>
</kw>
<kw name="Capture Page Screenshot" library="SeleniumLibrary">
<doc>Takes a screenshot of the current page and embeds it into a log file.</doc>
<msg timestamp="20201221 10:12:13.920" level="INFO" html="yes">&lt;/td&gt;&lt;/tr&gt;&lt;tr&gt;&lt;td colspan="3"&gt;&lt;a href="selenium-screenshot-6.png"&gt;&lt;img src="selenium-screenshot-6.png" width="800px"&gt;&lt;/a&gt;</msg>
<status status="PASS" starttime="20201221 10:12:13.573" endtime="20201221 10:12:13.920"></status>
</kw>
<status status="PASS" starttime="20201221 10:12:10.453" endtime="20201221 10:12:13.921" critical="yes"></status>
</test>
<test id="s1-t5" name="Test GET after PUT">
<kw name="Wait Until Page Contains Element" library="SeleniumLibrary">
<doc>Waits until the element ``locator`` appears on the current page.</doc>
<arguments>
<arg>xpath:/html/body/div[3]/div/div/div[5]/div[1]/div[1]/div/div/div/div[1]/div[1]/div/div/div[2]/div[2]/div/div/div/div[2]/div[1]/div/div/div[9]/div/div/div[2]</arg>
<arg>timeout=20s</arg>
</arguments>
<status status="PASS" starttime="20201221 10:12:13.922" endtime="20201221 10:12:13.948"></status>
</kw>
<kw name="Click Element" library="SeleniumLibrary">
<doc>Click the element identified by ``locator``.</doc>
<arguments>
<arg>xpath:/html/body/div[3]/div/div/div[5]/div[1]/div[1]/div/div/div/div[1]/div[1]/div/div/div[2]/div[2]/div/div/div/div[2]/div[1]/div/div/div[9]/div/div/div[2]</arg>
</arguments>
<msg timestamp="20201221 10:12:13.948" level="INFO">Clicking element 'xpath:/html/body/div[3]/div/div/div[5]/div[1]/div[1]/div/div/div/div[1]/div[1]/div/div/div[2]/div[2]/div/div/div/div[2]/div[1]/div/div/div[9]/div/div/div[2]'.</msg>
<status status="PASS" starttime="20201221 10:12:13.948" endtime="20201221 10:12:14.050"></status>
</kw>
<kw name="Wait Until Page Contains Element" library="SeleniumLibrary">
<doc>Waits until the element ``locator`` appears on the current page.</doc>
<arguments>
<arg>xpath:/html/body/div[3]/div/div/div[5]/div[1]/div[1]/div/div/div/div[2]/div/div/div/div[2]/div[2]/div/div/div/div/div[1]/div[1]/div/div[2]/div/div[2]/div/div/div/div/div[1]</arg>
<arg>timeout=20s</arg>
</arguments>
<status status="PASS" starttime="20201221 10:12:14.050" endtime="20201221 10:12:14.100"></status>
</kw>
<kw name="Click Element" library="SeleniumLibrary">
<doc>Click the element identified by ``locator``.</doc>
<arguments>
<arg>xpath:/html/body/div[3]/div/div/div[5]/div[1]/div[1]/div/div/div/div[2]/div/div/div/div[2]/div[2]/div/div/div/div/div[1]/div[1]/div/div[2]/div/div[2]/div/div/div/div/div[1]</arg>
</arguments>
<msg timestamp="20201221 10:12:14.101" level="INFO">Clicking element 'xpath:/html/body/div[3]/div/div/div[5]/div[1]/div[1]/div/div/div/div[2]/div/div/div/div[2]/div[2]/div/div/div/div/div[1]/div[1]/div/div[2]/div/div[2]/div/div/div/div/div[1]'.</msg>
<status status="PASS" starttime="20201221 10:12:14.101" endtime="20201221 10:12:14.169"></status>
</kw>
<kw name="Sleep" library="BuiltIn">
<doc>Pauses the test executed for the given time.</doc>
<arguments>
<arg>2s</arg>
</arguments>
<msg timestamp="20201221 10:12:16.174" level="INFO">Slept 2 seconds</msg>
<status status="PASS" starttime="20201221 10:12:14.169" endtime="20201221 10:12:16.174"></status>
</kw>
<kw name="Capture Page Screenshot" library="SeleniumLibrary">
<doc>Takes a screenshot of the current page and embeds it into a log file.</doc>
<msg timestamp="20201221 10:12:16.526" level="INFO" html="yes">&lt;/td&gt;&lt;/tr&gt;&lt;tr&gt;&lt;td colspan="3"&gt;&lt;a href="selenium-screenshot-7.png"&gt;&lt;img src="selenium-screenshot-7.png" width="800px"&gt;&lt;/a&gt;</msg>
<status status="PASS" starttime="20201221 10:12:16.174" endtime="20201221 10:12:16.527"></status>
</kw>
<status status="PASS" starttime="20201221 10:12:13.922" endtime="20201221 10:12:16.527" critical="yes"></status>
</test>
<test id="s1-t6" name="Test DELETE">
<kw name="Wait Until Page Contains Element" library="SeleniumLibrary">
<doc>Waits until the element ``locator`` appears on the current page.</doc>
<arguments>
<arg>xpath:/html/body/div[3]/div/div/div[5]/div[1]/div[1]/div/div/div/div[1]/div[1]/div/div/div[2]/div[2]/div/div/div/div[2]/div[1]/div/div/div[8]/div/div/div[2]</arg>
<arg>timeout=20s</arg>
</arguments>
<status status="PASS" starttime="20201221 10:12:16.527" endtime="20201221 10:12:16.549"></status>
</kw>
<kw name="Click Element" library="SeleniumLibrary">
<doc>Click the element identified by ``locator``.</doc>
<arguments>
<arg>xpath:/html/body/div[3]/div/div/div[5]/div[1]/div[1]/div/div/div/div[1]/div[1]/div/div/div[2]/div[2]/div/div/div/div[2]/div[1]/div/div/div[8]/div/div/div[2]</arg>
</arguments>
<msg timestamp="20201221 10:12:16.549" level="INFO">Clicking element 'xpath:/html/body/div[3]/div/div/div[5]/div[1]/div[1]/div/div/div/div[1]/div[1]/div/div/div[2]/div[2]/div/div/div/div[2]/div[1]/div/div/div[8]/div/div/div[2]'.</msg>
<status status="PASS" starttime="20201221 10:12:16.549" endtime="20201221 10:12:16.666"></status>
</kw>
<kw name="Wait Until Page Contains Element" library="SeleniumLibrary">
<doc>Waits until the element ``locator`` appears on the current page.</doc>
<arguments>
<arg>xpath:/html/body/div[3]/div/div/div[5]/div[1]/div[1]/div/div/div/div[2]/div/div/div/div[2]/div[5]/div/div/div/div/div[1]/div[1]/div/div[3]/div[1]/div[1]/div[1]/div/div[1]/div/div[4]/div</arg>
<arg>timeout=20s</arg>
</arguments>
<status status="PASS" starttime="20201221 10:12:16.667" endtime="20201221 10:12:17.233"></status>
</kw>
<kw name="Click Element" library="SeleniumLibrary">
<doc>Click the element identified by ``locator``.</doc>
<arguments>
<arg>xpath:/html/body/div[3]/div/div/div[5]/div[1]/div[1]/div/div/div/div[2]/div/div/div/div[2]/div[5]/div/div/div/div/div[1]/div[1]/div/div[3]/div[1]/div[1]/div[1]/div/div[1]/div/div[4]/div</arg>
</arguments>
<msg timestamp="20201221 10:12:17.235" level="INFO">Clicking element 'xpath:/html/body/div[3]/div/div/div[5]/div[1]/div[1]/div/div/div/div[2]/div/div/div/div[2]/div[5]/div/div/div/div/div[1]/div[1]/div/div[3]/div[1]/div[1]/div[1]/div/div[1]/div/div[4]/div'.</msg>
<status status="PASS" starttime="20201221 10:12:17.235" endtime="20201221 10:12:17.424"></status>
</kw>
<kw name="Wait Until Page Contains Element" library="SeleniumLibrary">
<doc>Waits until the element ``locator`` appears on the current page.</doc>
<arguments>
<arg>xpath://html/body/div[3]/div/div/div[5]/div[1]/div[1]/div/div/div/div[2]/div/div/div/div[2]/div[5]/div/div/div/div/div[1]/div[1]/div/div[2]/div/div[2]/div/div/div/div/div[1]</arg>
<arg>timeout=20s</arg>
</arguments>
<status status="PASS" starttime="20201221 10:12:17.425" endtime="20201221 10:12:17.450"></status>
</kw>
<kw name="Click Element" library="SeleniumLibrary">
<doc>Click the element identified by ``locator``.</doc>
<arguments>
<arg>xpath://html/body/div[3]/div/div/div[5]/div[1]/div[1]/div/div/div/div[2]/div/div/div/div[2]/div[5]/div/div/div/div/div[1]/div[1]/div/div[2]/div/div[2]/div/div/div/div/div[1]</arg>
</arguments>
<msg timestamp="20201221 10:12:17.452" level="INFO">Clicking element 'xpath://html/body/div[3]/div/div/div[5]/div[1]/div[1]/div/div/div/div[2]/div/div/div/div[2]/div[5]/div/div/div/div/div[1]/div[1]/div/div[2]/div/div[2]/div/div/div/div/div[1]'.</msg>
<status status="PASS" starttime="20201221 10:12:17.451" endtime="20201221 10:12:17.530"></status>
</kw>
<kw name="Sleep" library="BuiltIn">
<doc>Pauses the test executed for the given time.</doc>
<arguments>
<arg>2s</arg>
</arguments>
<msg timestamp="20201221 10:12:19.532" level="INFO">Slept 2 seconds</msg>
<status status="PASS" starttime="20201221 10:12:17.531" endtime="20201221 10:12:19.532"></status>
</kw>
<kw name="Capture Page Screenshot" library="SeleniumLibrary">
<doc>Takes a screenshot of the current page and embeds it into a log file.</doc>
<msg timestamp="20201221 10:12:19.867" level="INFO" html="yes">&lt;/td&gt;&lt;/tr&gt;&lt;tr&gt;&lt;td colspan="3"&gt;&lt;a href="selenium-screenshot-8.png"&gt;&lt;img src="selenium-screenshot-8.png" width="800px"&gt;&lt;/a&gt;</msg>
<status status="PASS" starttime="20201221 10:12:19.532" endtime="20201221 10:12:19.867"></status>
</kw>
<status status="PASS" starttime="20201221 10:12:16.527" endtime="20201221 10:12:19.871" critical="yes"></status>
</test>
<test id="s1-t7" name="Test GET after DELETE">
<kw name="Wait Until Page Contains Element" library="SeleniumLibrary">
<doc>Waits until the element ``locator`` appears on the current page.</doc>
<arguments>
<arg>xpath:/html/body/div[3]/div/div/div[5]/div[1]/div[1]/div/div/div/div[1]/div[1]/div/div/div[2]/div[2]/div/div/div/div[2]/div[1]/div/div/div[11]/div/div/div[2]</arg>
<arg>timeout=20s</arg>
</arguments>
<status status="PASS" starttime="20201221 10:12:19.871" endtime="20201221 10:12:19.898"></status>
</kw>
<kw name="Click Element" library="SeleniumLibrary">
<doc>Click the element identified by ``locator``.</doc>
<arguments>
<arg>xpath:/html/body/div[3]/div/div/div[5]/div[1]/div[1]/div/div/div/div[1]/div[1]/div/div/div[2]/div[2]/div/div/div/div[2]/div[1]/div/div/div[11]/div/div/div[2]</arg>
</arguments>
<msg timestamp="20201221 10:12:19.903" level="INFO">Clicking element 'xpath:/html/body/div[3]/div/div/div[5]/div[1]/div[1]/div/div/div/div[1]/div[1]/div/div/div[2]/div[2]/div/div/div/div[2]/div[1]/div/div/div[11]/div/div/div[2]'.</msg>
<status status="PASS" starttime="20201221 10:12:19.903" endtime="20201221 10:12:20.023"></status>
</kw>
<kw name="Wait Until Page Contains Element" library="SeleniumLibrary">
<doc>Waits until the element ``locator`` appears on the current page.</doc>
<arguments>
<arg>xpath:/html/body/div[3]/div/div/div[5]/div[1]/div[1]/div/div/div/div[2]/div/div/div/div[2]/div[2]/div/div/div/div/div[1]/div[1]/div/div[2]/div/div[2]/div/div/div/div/div[1]</arg>
<arg>timeout=20s</arg>
</arguments>
<status status="PASS" starttime="20201221 10:12:20.024" endtime="20201221 10:12:20.077"></status>
</kw>
<kw name="Click Element" library="SeleniumLibrary">
<doc>Click the element identified by ``locator``.</doc>
<arguments>
<arg>xpath:/html/body/div[3]/div/div/div[5]/div[1]/div[1]/div/div/div/div[2]/div/div/div/div[2]/div[2]/div/div/div/div/div[1]/div[1]/div/div[2]/div/div[2]/div/div/div/div/div[1]</arg>
</arguments>
<msg timestamp="20201221 10:12:20.078" level="INFO">Clicking element 'xpath:/html/body/div[3]/div/div/div[5]/div[1]/div[1]/div/div/div/div[2]/div/div/div/div[2]/div[2]/div/div/div/div/div[1]/div[1]/div/div[2]/div/div[2]/div/div/div/div/div[1]'.</msg>
<status status="PASS" starttime="20201221 10:12:20.078" endtime="20201221 10:12:20.150"></status>
</kw>
<kw name="Sleep" library="BuiltIn">
<doc>Pauses the test executed for the given time.</doc>
<arguments>
<arg>2s</arg>
</arguments>
<msg timestamp="20201221 10:12:22.153" level="INFO">Slept 2 seconds</msg>
<status status="PASS" starttime="20201221 10:12:20.151" endtime="20201221 10:12:22.153"></status>
</kw>
<kw name="Capture Page Screenshot" library="SeleniumLibrary">
<doc>Takes a screenshot of the current page and embeds it into a log file.</doc>
<msg timestamp="20201221 10:12:22.520" level="INFO" html="yes">&lt;/td&gt;&lt;/tr&gt;&lt;tr&gt;&lt;td colspan="3"&gt;&lt;a href="selenium-screenshot-9.png"&gt;&lt;img src="selenium-screenshot-9.png" width="800px"&gt;&lt;/a&gt;</msg>
<status status="PASS" starttime="20201221 10:12:22.153" endtime="20201221 10:12:22.520"></status>
</kw>
<kw name="Close Window" library="SeleniumLibrary">
<doc>Closes currently opened and selected browser window/tab.</doc>
<status status="PASS" starttime="20201221 10:12:22.520" endtime="20201221 10:12:22.624"></status>
</kw>
<status status="PASS" starttime="20201221 10:12:19.871" endtime="20201221 10:12:22.625" critical="yes"></status>
</test>
<kw name="Teardown all" type="teardown">
<kw name="Terminate All Processes" library="Process">
<doc>Terminates all still running processes started by this library.</doc>
<arguments>
<arg>kill=False</arg>
</arguments>
<msg timestamp="20201221 10:12:22.628" level="INFO">Gracefully terminating process.</msg>
<msg timestamp="20201221 10:12:22.734" level="INFO">Process completed.</msg>
<status status="PASS" starttime="20201221 10:12:22.628" endtime="20201221 10:12:22.734"></status>
</kw>
<status status="PASS" starttime="20201221 10:12:22.627" endtime="20201221 10:12:22.735"></status>
</kw>
<status status="PASS" starttime="20201221 10:11:36.626" endtime="20201221 10:12:22.735"></status>
</suite>
<statistics>
<total>
<stat pass="7" fail="0">Critical Tests</stat>
<stat pass="7" fail="0">All Tests</stat>
</total>
<tag>
</tag>
<suite>
<stat pass="7" fail="0" id="s1" name="Rf Test Cases">Rf Test Cases</stat>
</suite>
</statistics>
<errors>
</errors>
</robot>
